<?xml version="1.0" encoding="UTF-8"?>
<!-- Generated by org.testng.reporters.JUnitReportReporter -->
<testsuite skipped="0" hostname="LAPTOP-V9HBAL95" name="FacebookSignUp.SignUp" tests="1" failures="0" timestamp="06 Jun 2019 14:45:58 GMT" time="8.277" errors="0">
  <testcase name="signUp" time="8.277" classname="FacebookSignUp.SignUp"/>
</testsuite> <!-- FacebookSignUp.SignUp -->
